2024-08-21 11:51:10,504 - WARNING - Configuration file not found: config.yaml
2024-08-21 11:51:10,504 - ERROR - No channels specified. Please provide channels in the config file or via command line.
2024-08-21 11:59:13,120 - INFO - Created default configuration file: config.yaml
2024-08-21 12:00:19,206 - INFO - Scraped 20 new messages from landiansub. Total: 20
2024-08-21 12:00:20,803 - INFO - Scraped 18 new messages from landiansub. Total: 38
2024-08-21 12:00:22,379 - INFO - Scraped 18 new messages from landiansub. Total: 56
2024-08-21 12:00:23,979 - INFO - Scraped 19 new messages from landiansub. Total: 75
2024-08-21 12:00:25,628 - INFO - Scraped 19 new messages from landiansub. Total: 94
2024-08-21 12:00:27,224 - INFO - Scraped 19 new messages from landiansub. Total: 113
2024-08-21 12:00:28,888 - INFO - Scraped 18 new messages from landiansub. Total: 131
2024-08-21 12:00:30,661 - INFO - Scraped 18 new messages from landiansub. Total: 149
2024-08-21 12:00:32,236 - INFO - Scraped 19 new messages from landiansub. Total: 168
2024-08-21 12:00:33,882 - INFO - Scraped 19 new messages from landiansub. Total: 187
2024-08-21 12:00:35,457 - INFO - Scraped 20 new messages from landiansub. Total: 207
2024-08-21 12:00:37,039 - INFO - Scraped 20 new messages from landiansub. Total: 227
2024-08-21 12:00:38,652 - INFO - Scraped 17 new messages from landiansub. Total: 244
2024-08-21 12:00:40,332 - INFO - Scraped 18 new messages from landiansub. Total: 262
2024-08-21 12:00:41,992 - INFO - Scraped 18 new messages from landiansub. Total: 280
2024-08-21 12:00:43,588 - INFO - Scraped 19 new messages from landiansub. Total: 299
2024-08-21 12:00:45,234 - INFO - Scraped 16 new messages from landiansub. Total: 315
2024-08-21 12:00:46,895 - INFO - Scraped 20 new messages from landiansub. Total: 335
2024-08-21 12:00:48,573 - INFO - Scraped 20 new messages from landiansub. Total: 355
2024-08-21 12:00:50,181 - INFO - Scraped 18 new messages from landiansub. Total: 373
2024-08-21 12:00:51,778 - INFO - Scraped 19 new messages from landiansub. Total: 392
2024-08-21 12:00:53,386 - INFO - Scraped 17 new messages from landiansub. Total: 409
2024-08-21 12:00:55,016 - INFO - Scraped 14 new messages from landiansub. Total: 423
2024-08-21 12:00:56,631 - INFO - Scraped 17 new messages from landiansub. Total: 440
2024-08-21 12:00:58,175 - INFO - Scraped 15 new messages from landiansub. Total: 455
2024-08-21 12:00:59,819 - INFO - Scraped 19 new messages from landiansub. Total: 474
2024-08-21 12:01:01,431 - INFO - Scraped 20 new messages from landiansub. Total: 494
2024-08-21 12:01:03,116 - INFO - Scraped 17 new messages from landiansub. Total: 511
2024-08-21 12:01:04,780 - INFO - Scraped 12 new messages from landiansub. Total: 523
2024-08-21 12:01:06,440 - INFO - Scraped 16 new messages from landiansub. Total: 539
2024-08-21 12:01:08,325 - INFO - Scraped 18 new messages from landiansub. Total: 557
2024-08-21 12:01:09,928 - INFO - Scraped 19 new messages from landiansub. Total: 576
2024-08-21 12:01:11,656 - INFO - Scraped 19 new messages from landiansub. Total: 595
2024-08-21 12:01:13,397 - INFO - Scraped 18 new messages from landiansub. Total: 613
2024-08-21 12:01:15,026 - INFO - Scraped 19 new messages from landiansub. Total: 632
2024-08-21 12:01:16,647 - INFO - Scraped 18 new messages from landiansub. Total: 650
2024-08-21 12:01:18,280 - INFO - Scraped 17 new messages from landiansub. Total: 667
2024-08-21 12:01:19,863 - INFO - Scraped 17 new messages from landiansub. Total: 684
2024-08-21 12:01:21,446 - INFO - Scraped 20 new messages from landiansub. Total: 704
2024-08-21 12:01:23,043 - INFO - Scraped 19 new messages from landiansub. Total: 723
2024-08-21 12:01:24,626 - INFO - Scraped 20 new messages from landiansub. Total: 743
2024-08-21 12:01:26,197 - INFO - Scraped 20 new messages from landiansub. Total: 763
2024-08-21 12:01:27,831 - INFO - Scraped 18 new messages from landiansub. Total: 781
2024-08-21 12:01:29,454 - INFO - Scraped 19 new messages from landiansub. Total: 800
2024-08-21 12:01:31,033 - INFO - Scraped 14 new messages from landiansub. Total: 814
2024-08-21 12:01:32,658 - INFO - Scraped 17 new messages from landiansub. Total: 831
2024-08-21 12:01:34,279 - INFO - Scraped 17 new messages from landiansub. Total: 848
2024-08-21 12:01:35,884 - INFO - Scraped 16 new messages from landiansub. Total: 864
2024-08-21 12:01:37,555 - INFO - Scraped 15 new messages from landiansub. Total: 879
2024-08-21 12:01:39,179 - INFO - Scraped 19 new messages from landiansub. Total: 898
2024-08-21 12:01:40,811 - INFO - Scraped 19 new messages from landiansub. Total: 917
2024-08-21 12:01:42,446 - INFO - Scraped 18 new messages from landiansub. Total: 935
2024-08-21 12:01:44,060 - INFO - Scraped 19 new messages from landiansub. Total: 954
2024-08-21 12:01:45,649 - INFO - Scraped 20 new messages from landiansub. Total: 974
2024-08-21 12:01:47,297 - INFO - Scraped 16 new messages from landiansub. Total: 990
2024-08-21 12:01:48,937 - INFO - Scraped 19 new messages from landiansub. Total: 1009
2024-08-21 12:01:50,618 - INFO - Scraped 14 new messages from landiansub. Total: 1023
2024-08-21 12:01:52,295 - INFO - Scraped 14 new messages from landiansub. Total: 1037
2024-08-21 12:01:53,922 - INFO - Scraped 20 new messages from landiansub. Total: 1057
2024-08-21 12:01:55,552 - INFO - Scraped 17 new messages from landiansub. Total: 1074
2024-08-21 12:01:57,140 - INFO - Scraped 19 new messages from landiansub. Total: 1093
2024-08-21 12:01:58,737 - INFO - Scraped 17 new messages from landiansub. Total: 1110
2024-08-21 12:02:00,411 - INFO - Scraped 17 new messages from landiansub. Total: 1127
2024-08-21 12:02:02,118 - INFO - Scraped 20 new messages from landiansub. Total: 1147
2024-08-21 12:02:03,841 - INFO - Scraped 16 new messages from landiansub. Total: 1163
2024-08-21 12:02:05,552 - INFO - Scraped 17 new messages from landiansub. Total: 1180
2024-08-21 12:02:07,192 - INFO - Scraped 20 new messages from landiansub. Total: 1200
2024-08-21 12:02:08,880 - INFO - Scraped 14 new messages from landiansub. Total: 1214
2024-08-21 12:02:10,618 - INFO - Scraped 12 new messages from landiansub. Total: 1226
2024-08-21 12:02:12,398 - INFO - Scraped 18 new messages from landiansub. Total: 1244
2024-08-21 12:02:14,165 - INFO - Scraped 15 new messages from landiansub. Total: 1259
2024-08-21 12:02:15,822 - INFO - Scraped 19 new messages from landiansub. Total: 1278
2024-08-21 12:02:17,496 - INFO - Scraped 16 new messages from landiansub. Total: 1294
2024-08-21 12:02:19,235 - INFO - Scraped 13 new messages from landiansub. Total: 1307
2024-08-21 12:02:20,906 - INFO - Scraped 19 new messages from landiansub. Total: 1326
2024-08-21 12:02:22,667 - INFO - Scraped 15 new messages from landiansub. Total: 1341
2024-08-21 12:02:24,326 - INFO - Scraped 17 new messages from landiansub. Total: 1358
2024-08-21 12:02:25,988 - INFO - Scraped 16 new messages from landiansub. Total: 1374
2024-08-21 12:02:27,584 - INFO - Scraped 20 new messages from landiansub. Total: 1394
2024-08-21 12:02:29,316 - INFO - Scraped 19 new messages from landiansub. Total: 1413
2024-08-21 12:02:31,037 - INFO - Scraped 17 new messages from landiansub. Total: 1430
2024-08-21 12:02:32,696 - INFO - Scraped 17 new messages from landiansub. Total: 1447
2024-08-21 12:02:34,377 - INFO - Scraped 18 new messages from landiansub. Total: 1465
2024-08-21 12:02:36,103 - INFO - Scraped 17 new messages from landiansub. Total: 1482
2024-08-21 12:02:37,736 - INFO - Scraped 20 new messages from landiansub. Total: 1502
2024-08-21 12:02:39,468 - INFO - Scraped 18 new messages from landiansub. Total: 1520
2024-08-21 12:02:41,121 - INFO - Scraped 18 new messages from landiansub. Total: 1538
2024-08-21 12:02:42,789 - INFO - Scraped 17 new messages from landiansub. Total: 1555
2024-08-21 12:02:44,453 - INFO - Scraped 16 new messages from landiansub. Total: 1571
2024-08-21 12:02:46,124 - INFO - Scraped 15 new messages from landiansub. Total: 1586
2024-08-21 12:02:47,814 - INFO - Scraped 19 new messages from landiansub. Total: 1605
2024-08-21 12:02:49,529 - INFO - Scraped 17 new messages from landiansub. Total: 1622
2024-08-21 12:02:51,221 - INFO - Scraped 20 new messages from landiansub. Total: 1642
2024-08-21 12:02:52,908 - INFO - Scraped 15 new messages from landiansub. Total: 1657
2024-08-21 12:02:54,556 - INFO - Scraped 19 new messages from landiansub. Total: 1676
2024-08-21 12:02:56,206 - INFO - Scraped 20 new messages from landiansub. Total: 1696
2024-08-21 12:02:57,898 - INFO - Scraped 19 new messages from landiansub. Total: 1715
2024-08-21 12:02:59,563 - INFO - Scraped 19 new messages from landiansub. Total: 1734
2024-08-21 12:03:01,202 - INFO - Scraped 19 new messages from landiansub. Total: 1753
2024-08-21 12:03:03,016 - INFO - Scraped 17 new messages from landiansub. Total: 1770
2024-08-21 12:03:06,138 - INFO - Scraped 20 new messages from landiansub. Total: 1790
2024-08-21 12:03:07,742 - INFO - Scraped 17 new messages from landiansub. Total: 1807
2024-08-21 12:03:09,411 - INFO - Scraped 12 new messages from landiansub. Total: 1819
2024-08-21 12:03:11,081 - INFO - Scraped 16 new messages from landiansub. Total: 1835
2024-08-21 12:03:12,677 - INFO - Scraped 16 new messages from landiansub. Total: 1851
2024-08-21 12:03:14,288 - INFO - Scraped 17 new messages from landiansub. Total: 1868
2024-08-21 12:03:16,037 - INFO - Scraped 14 new messages from landiansub. Total: 1882
2024-08-21 12:03:17,645 - INFO - Scraped 17 new messages from landiansub. Total: 1899
2024-08-21 12:03:19,311 - INFO - Scraped 15 new messages from landiansub. Total: 1914
2024-08-21 12:03:20,949 - INFO - Scraped 20 new messages from landiansub. Total: 1934
2024-08-21 12:03:22,651 - INFO - Scraped 18 new messages from landiansub. Total: 1952
2024-08-21 12:03:24,275 - INFO - Scraped 20 new messages from landiansub. Total: 1972
2024-08-21 12:03:26,097 - INFO - Scraped 19 new messages from landiansub. Total: 1991
2024-08-21 12:03:27,729 - INFO - Scraped 19 new messages from landiansub. Total: 2010
2024-08-21 12:03:29,465 - INFO - Scraped 17 new messages from landiansub. Total: 2027
2024-08-21 12:03:31,367 - INFO - Scraped 20 new messages from landiansub. Total: 2047
2024-08-21 12:03:33,062 - INFO - Scraped 16 new messages from landiansub. Total: 2063
2024-08-21 12:03:34,664 - INFO - Scraped 18 new messages from landiansub. Total: 2081
2024-08-21 12:03:36,330 - INFO - Scraped 13 new messages from landiansub. Total: 2094
2024-08-21 12:03:38,000 - INFO - Scraped 13 new messages from landiansub. Total: 2107
2024-08-21 12:03:39,770 - INFO - Scraped 14 new messages from landiansub. Total: 2121
2024-08-21 12:03:41,374 - INFO - Scraped 17 new messages from landiansub. Total: 2138
2024-08-21 12:03:42,962 - INFO - Scraped 20 new messages from landiansub. Total: 2158
2024-08-21 12:03:44,661 - INFO - Scraped 15 new messages from landiansub. Total: 2173
2024-08-21 12:03:46,429 - INFO - Scraped 18 new messages from landiansub. Total: 2191
2024-08-21 12:03:48,067 - INFO - Scraped 16 new messages from landiansub. Total: 2207
2024-08-21 12:03:49,793 - INFO - Scraped 17 new messages from landiansub. Total: 2224
2024-08-21 12:03:51,431 - INFO - Scraped 18 new messages from landiansub. Total: 2242
2024-08-21 12:03:53,035 - INFO - Scraped 17 new messages from landiansub. Total: 2259
2024-08-21 12:03:54,764 - INFO - Scraped 17 new messages from landiansub. Total: 2276
2024-08-21 12:03:56,362 - INFO - Scraped 20 new messages from landiansub. Total: 2296
2024-08-21 12:03:58,032 - INFO - Scraped 16 new messages from landiansub. Total: 2312
2024-08-21 12:03:59,620 - INFO - Scraped 19 new messages from landiansub. Total: 2331
2024-08-21 12:04:01,262 - INFO - Scraped 12 new messages from landiansub. Total: 2343
2024-08-21 12:04:02,980 - INFO - Scraped 15 new messages from landiansub. Total: 2358
2024-08-21 12:04:04,615 - INFO - Scraped 19 new messages from landiansub. Total: 2377
2024-08-21 12:04:06,247 - INFO - Scraped 17 new messages from landiansub. Total: 2394
2024-08-21 12:04:07,927 - INFO - Scraped 16 new messages from landiansub. Total: 2410
2024-08-21 12:04:09,599 - INFO - Scraped 17 new messages from landiansub. Total: 2427
2024-08-21 12:04:11,357 - INFO - Scraped 18 new messages from landiansub. Total: 2445
2024-08-21 12:04:13,036 - INFO - Scraped 19 new messages from landiansub. Total: 2464
2024-08-21 12:04:14,632 - INFO - Scraped 20 new messages from landiansub. Total: 2484
2024-08-21 12:04:16,245 - INFO - Skipping empty or invalid message, ID: 6742
2024-08-21 12:04:16,253 - INFO - Scraped 16 new messages from landiansub. Total: 2500
2024-08-21 12:04:17,849 - INFO - Scraped 10 new messages from landiansub. Total: 2510
2024-08-21 12:04:19,611 - INFO - Skipping empty or invalid message, ID: 6707
2024-08-21 12:04:19,614 - INFO - Scraped 14 new messages from landiansub. Total: 2524
2024-08-21 12:04:21,306 - INFO - Scraped 17 new messages from landiansub. Total: 2541
2024-08-21 12:04:22,933 - INFO - Scraped 14 new messages from landiansub. Total: 2555
2024-08-21 12:04:24,640 - INFO - Scraped 13 new messages from landiansub. Total: 2568
2024-08-21 12:04:26,326 - INFO - Scraped 14 new messages from landiansub. Total: 2582
2024-08-21 12:04:27,963 - INFO - Scraped 13 new messages from landiansub. Total: 2595
2024-08-21 12:04:29,624 - INFO - Scraped 11 new messages from landiansub. Total: 2606
2024-08-21 12:04:31,305 - INFO - Scraped 18 new messages from landiansub. Total: 2624
2024-08-21 12:04:32,891 - INFO - Scraped 20 new messages from landiansub. Total: 2644
2024-08-21 12:04:34,538 - INFO - Skipping empty or invalid message, ID: 6507
2024-08-21 12:04:34,561 - INFO - Scraped 15 new messages from landiansub. Total: 2659
2024-08-21 12:04:36,134 - INFO - Scraped 20 new messages from landiansub. Total: 2679
2024-08-21 12:04:37,729 - INFO - Scraped 20 new messages from landiansub. Total: 2699
2024-08-21 12:04:39,425 - INFO - Scraped 20 new messages from landiansub. Total: 2719
2024-08-21 12:04:41,120 - INFO - Scraped 12 new messages from landiansub. Total: 2731
2024-08-21 12:04:42,758 - INFO - Scraped 20 new messages from landiansub. Total: 2751
2024-08-21 12:04:44,410 - INFO - Scraped 20 new messages from landiansub. Total: 2771
2024-08-21 12:04:46,037 - INFO - Skipping empty or invalid message, ID: 6363
2024-08-21 12:04:46,048 - INFO - Scraped 13 new messages from landiansub. Total: 2784
2024-08-21 12:04:47,748 - INFO - Scraped 18 new messages from landiansub. Total: 2802
2024-08-21 12:04:49,400 - INFO - Scraped 19 new messages from landiansub. Total: 2821
2024-08-21 12:04:51,098 - INFO - Skipping empty or invalid message, ID: 6299
2024-08-21 12:04:51,112 - INFO - Scraped 11 new messages from landiansub. Total: 2832
2024-08-21 12:04:52,794 - INFO - Scraped 18 new messages from landiansub. Total: 2850
2024-08-21 12:04:54,487 - INFO - Scraped 15 new messages from landiansub. Total: 2865
2024-08-21 12:04:56,138 - INFO - Scraped 13 new messages from landiansub. Total: 2878
2024-08-21 12:04:57,801 - INFO - Scraped 16 new messages from landiansub. Total: 2894
2024-08-21 12:04:59,424 - INFO - Scraped 10 new messages from landiansub. Total: 2904
2024-08-21 12:05:01,107 - INFO - Scraped 15 new messages from landiansub. Total: 2919
2024-08-21 12:05:02,786 - INFO - Scraped 16 new messages from landiansub. Total: 2935
2024-08-21 12:05:04,536 - INFO - Scraped 17 new messages from landiansub. Total: 2952
2024-08-21 12:05:06,118 - INFO - Scraped 17 new messages from landiansub. Total: 2969
2024-08-21 12:05:07,823 - INFO - Scraped 15 new messages from landiansub. Total: 2984
2024-08-21 12:05:09,542 - INFO - Scraped 17 new messages from landiansub. Total: 3001
2024-08-21 12:05:11,232 - INFO - Scraped 17 new messages from landiansub. Total: 3018
2024-08-21 12:05:12,895 - INFO - Scraped 15 new messages from landiansub. Total: 3033
2024-08-21 12:05:14,449 - INFO - Scraped 18 new messages from landiansub. Total: 3051
2024-08-21 12:05:16,024 - INFO - Scraped 14 new messages from landiansub. Total: 3065
2024-08-21 12:05:17,623 - INFO - Scraped 15 new messages from landiansub. Total: 3080
2024-08-21 12:05:19,297 - INFO - Scraped 20 new messages from landiansub. Total: 3100
2024-08-21 12:05:20,988 - INFO - Scraped 10 new messages from landiansub. Total: 3110
2024-08-21 12:05:22,739 - INFO - Scraped 14 new messages from landiansub. Total: 3124
2024-08-21 12:05:24,445 - INFO - Scraped 15 new messages from landiansub. Total: 3139
2024-08-21 12:05:26,143 - INFO - Scraped 15 new messages from landiansub. Total: 3154
2024-08-21 12:05:27,869 - INFO - Scraped 17 new messages from landiansub. Total: 3171
2024-08-21 12:05:29,573 - INFO - Scraped 16 new messages from landiansub. Total: 3187
2024-08-21 12:05:31,191 - INFO - Scraped 16 new messages from landiansub. Total: 3203
2024-08-21 12:05:32,845 - INFO - Scraped 20 new messages from landiansub. Total: 3223
2024-08-21 12:05:34,475 - INFO - Scraped 17 new messages from landiansub. Total: 3240
2024-08-21 12:05:36,208 - INFO - Scraped 14 new messages from landiansub. Total: 3254
2024-08-21 12:05:37,909 - INFO - Scraped 16 new messages from landiansub. Total: 3270
2024-08-21 12:05:39,568 - INFO - Scraped 16 new messages from landiansub. Total: 3286
2024-08-21 12:05:41,266 - INFO - Scraped 17 new messages from landiansub. Total: 3303
2024-08-21 12:05:43,022 - INFO - Scraped 18 new messages from landiansub. Total: 3321
2024-08-21 12:05:44,683 - INFO - Scraped 15 new messages from landiansub. Total: 3336
2024-08-21 12:05:46,439 - INFO - Scraped 18 new messages from landiansub. Total: 3354
2024-08-21 12:05:48,118 - INFO - Scraped 20 new messages from landiansub. Total: 3374
2024-08-21 12:05:49,786 - INFO - Scraped 16 new messages from landiansub. Total: 3390
2024-08-21 12:05:51,466 - INFO - Scraped 16 new messages from landiansub. Total: 3406
2024-08-21 12:05:53,694 - INFO - Scraped 20 new messages from landiansub. Total: 3426
2024-08-21 12:05:55,394 - INFO - Scraped 16 new messages from landiansub. Total: 3442
2024-08-21 12:05:56,992 - INFO - Scraped 16 new messages from landiansub. Total: 3458
2024-08-21 12:05:58,609 - INFO - Scraped 20 new messages from landiansub. Total: 3478
2024-08-21 12:06:00,340 - INFO - Scraped 17 new messages from landiansub. Total: 3495
2024-08-21 12:06:01,991 - INFO - Scraped 18 new messages from landiansub. Total: 3513
2024-08-21 12:06:03,686 - INFO - Scraped 20 new messages from landiansub. Total: 3533
2024-08-21 12:06:05,427 - INFO - Scraped 20 new messages from landiansub. Total: 3553
2024-08-21 12:06:07,114 - INFO - Scraped 18 new messages from landiansub. Total: 3571
2024-08-21 12:06:08,838 - INFO - Scraped 16 new messages from landiansub. Total: 3587
2024-08-21 12:06:10,545 - INFO - Scraped 18 new messages from landiansub. Total: 3605
2024-08-21 12:06:12,326 - INFO - Scraped 19 new messages from landiansub. Total: 3624
2024-08-21 12:06:14,003 - INFO - Scraped 17 new messages from landiansub. Total: 3641
2024-08-21 12:06:15,668 - INFO - Scraped 20 new messages from landiansub. Total: 3661
2024-08-21 12:06:17,341 - INFO - Scraped 20 new messages from landiansub. Total: 3681
2024-08-21 12:06:19,068 - INFO - Scraped 20 new messages from landiansub. Total: 3701
2024-08-21 12:06:20,713 - INFO - Scraped 17 new messages from landiansub. Total: 3718
2024-08-21 12:06:22,397 - INFO - Scraped 14 new messages from landiansub. Total: 3732
2024-08-21 12:06:24,087 - INFO - Scraped 18 new messages from landiansub. Total: 3750
2024-08-21 12:06:25,692 - INFO - Scraped 20 new messages from landiansub. Total: 3770
2024-08-21 12:06:27,347 - INFO - Scraped 20 new messages from landiansub. Total: 3790
2024-08-21 12:06:29,011 - INFO - Scraped 19 new messages from landiansub. Total: 3809
2024-08-21 12:06:30,665 - INFO - Scraped 19 new messages from landiansub. Total: 3828
2024-08-21 12:06:32,408 - INFO - Scraped 16 new messages from landiansub. Total: 3844
2024-08-21 12:06:34,070 - INFO - Scraped 16 new messages from landiansub. Total: 3860
2024-08-21 12:06:35,733 - INFO - Scraped 17 new messages from landiansub. Total: 3877
2024-08-21 12:06:37,402 - INFO - Scraped 20 new messages from landiansub. Total: 3897
2024-08-21 12:06:39,072 - INFO - Scraped 20 new messages from landiansub. Total: 3917
2024-08-21 12:06:40,800 - INFO - Scraped 14 new messages from landiansub. Total: 3931
2024-08-21 12:06:42,472 - INFO - Scraped 17 new messages from landiansub. Total: 3948
2024-08-21 12:06:44,202 - INFO - Scraped 19 new messages from landiansub. Total: 3967
2024-08-21 12:06:45,514 - INFO - Results saved to telegram_posts_20240821_120645.markdown
2024-08-21 12:06:45,515 - INFO - Program finished
